2024-06-18 12:55:31,937 [Worker-6: Loading available Gradle versions] INFO  o.e.b.c.i.u.g.PublishedGradleVersions - Gradle version information cache is out-of-date. Trying to update.
2024-06-18 13:04:08,958 [Worker-1: Loading available Gradle versions] INFO  o.e.b.c.i.u.g.PublishedGradleVersions - Gradle version information cache is up-to-date. Trying to read.
2024-06-18 13:05:13,813 [ModalContext] INFO  o.e.m.c.i.e.AbstractTransferListenerAdapter - Downloading https://repo.maven.apache.org/maven2/org/apache/maven/archetypes/maven-archetype-bundles/4/maven-archetype-bundles-4.pom
2024-06-18 13:05:13,825 [ModalContext] INFO  o.e.m.c.i.e.AbstractTransferListenerAdapter - Downloaded https://repo.maven.apache.org/maven2/org/apache/maven/archetypes/maven-archetype-bundles/4/maven-archetype-bundles-4.pom
2024-06-18 13:05:13,858 [ModalContext] INFO  o.e.m.c.i.e.AbstractTransferListenerAdapter - Downloading https://repo.maven.apache.org/maven2/org/apache/maven/archetype/maven-archetype/2.0-alpha-5/maven-archetype-2.0-alpha-5.pom
2024-06-18 13:05:13,863 [ModalContext] INFO  o.e.m.c.i.e.AbstractTransferListenerAdapter - Downloaded https://repo.maven.apache.org/maven2/org/apache/maven/archetype/maven-archetype/2.0-alpha-5/maven-archetype-2.0-alpha-5.pom
2024-06-18 13:07:39,966 [Worker-11: Launching mavenrun-64810a50-4036-43a5-8504-999b8343d11b] INFO  o.eclipse.m2e.core.internal.Bundles - getClasspathEntries(Bundle=org.eclipse.m2e.maven.runtime_3.9.600.20231203-1234 [354])
2024-06-18 13:07:39,967 [Worker-11: Launching mavenrun-64810a50-4036-43a5-8504-999b8343d11b] INFO  o.eclipse.m2e.core.internal.Bundles - 	Entry: E:\SOFTWARE 64-BIT\Spring boot\plugins\org.eclipse.m2e.maven.runtime_3.9.600.20231203-1234
2024-06-18 13:07:39,967 [Worker-11: Launching mavenrun-64810a50-4036-43a5-8504-999b8343d11b] INFO  o.eclipse.m2e.core.internal.Bundles - 	Entry: E:\SOFTWARE 64-BIT\Spring boot\plugins\org.eclipse.m2e.maven.runtime_3.9.600.20231203-1234\jars\aopalliance-1.0.jar
2024-06-18 13:07:39,967 [Worker-11: Launching mavenrun-64810a50-4036-43a5-8504-999b8343d11b] INFO  o.eclipse.m2e.core.internal.Bundles - 	Entry: E:\SOFTWARE 64-BIT\Spring boot\plugins\org.eclipse.m2e.maven.runtime_3.9.600.20231203-1234\jars\guice-5.1.0.jar
2024-06-18 13:07:39,967 [Worker-11: Launching mavenrun-64810a50-4036-43a5-8504-999b8343d11b] INFO  o.eclipse.m2e.core.internal.Bundles - 	Entry: E:\SOFTWARE 64-BIT\Spring boot\plugins\org.eclipse.m2e.maven.runtime_3.9.600.20231203-1234\jars\httpclient-4.5.14.jar
2024-06-18 13:07:39,967 [Worker-11: Launching mavenrun-64810a50-4036-43a5-8504-999b8343d11b] INFO  o.eclipse.m2e.core.internal.Bundles - 	Entry: E:\SOFTWARE 64-BIT\Spring boot\plugins\org.eclipse.m2e.maven.runtime_3.9.600.20231203-1234\jars\httpcore-4.4.16.jar
2024-06-18 13:07:39,967 [Worker-11: Launching mavenrun-64810a50-4036-43a5-8504-999b8343d11b] INFO  o.eclipse.m2e.core.internal.Bundles - 	Entry: E:\SOFTWARE 64-BIT\Spring boot\plugins\org.eclipse.m2e.maven.runtime_3.9.600.20231203-1234\jars\jansi-2.4.0.jar
2024-06-18 13:07:39,967 [Worker-11: Launching mavenrun-64810a50-4036-43a5-8504-999b8343d11b] INFO  o.eclipse.m2e.core.internal.Bundles - 	Entry: E:\SOFTWARE 64-BIT\Spring boot\plugins\org.eclipse.m2e.maven.runtime_3.9.600.20231203-1234\jars\jcl-over-slf4j-1.7.36.jar
2024-06-18 13:07:39,967 [Worker-11: Launching mavenrun-64810a50-4036-43a5-8504-999b8343d11b] INFO  o.eclipse.m2e.core.internal.Bundles - 	Entry: E:\SOFTWARE 64-BIT\Spring boot\plugins\org.eclipse.m2e.maven.runtime_3.9.600.20231203-1234\jars\maven-artifact-3.9.6.jar
2024-06-18 13:07:39,967 [Worker-11: Launching mavenrun-64810a50-4036-43a5-8504-999b8343d11b] INFO  o.eclipse.m2e.core.internal.Bundles - 	Entry: E:\SOFTWARE 64-BIT\Spring boot\plugins\org.eclipse.m2e.maven.runtime_3.9.600.20231203-1234\jars\maven-builder-support-3.9.6.jar
2024-06-18 13:07:39,967 [Worker-11: Launching mavenrun-64810a50-4036-43a5-8504-999b8343d11b] INFO  o.eclipse.m2e.core.internal.Bundles - 	Entry: E:\SOFTWARE 64-BIT\Spring boot\plugins\org.eclipse.m2e.maven.runtime_3.9.600.20231203-1234\jars\maven-compat-3.9.6.jar
2024-06-18 13:07:39,967 [Worker-11: Launching mavenrun-64810a50-4036-43a5-8504-999b8343d11b] INFO  o.eclipse.m2e.core.internal.Bundles - 	Entry: E:\SOFTWARE 64-BIT\Spring boot\plugins\org.eclipse.m2e.maven.runtime_3.9.600.20231203-1234\jars\maven-core-3.9.6.jar
2024-06-18 13:07:39,967 [Worker-11: Launching mavenrun-64810a50-4036-43a5-8504-999b8343d11b] INFO  o.eclipse.m2e.core.internal.Bundles - 	Entry: E:\SOFTWARE 64-BIT\Spring boot\plugins\org.eclipse.m2e.maven.runtime_3.9.600.20231203-1234\jars\maven-embedder-3.9.6.jar
2024-06-18 13:07:39,967 [Worker-11: Launching mavenrun-64810a50-4036-43a5-8504-999b8343d11b] INFO  o.eclipse.m2e.core.internal.Bundles - 	Entry: E:\SOFTWARE 64-BIT\Spring boot\plugins\org.eclipse.m2e.maven.runtime_3.9.600.20231203-1234\jars\maven-model-3.9.6.jar
2024-06-18 13:07:39,967 [Worker-11: Launching mavenrun-64810a50-4036-43a5-8504-999b8343d11b] INFO  o.eclipse.m2e.core.internal.Bundles - 	Entry: E:\SOFTWARE 64-BIT\Spring boot\plugins\org.eclipse.m2e.maven.runtime_3.9.600.20231203-1234\jars\maven-model-builder-3.9.6.jar
2024-06-18 13:07:39,967 [Worker-11: Launching mavenrun-64810a50-4036-43a5-8504-999b8343d11b] INFO  o.eclipse.m2e.core.internal.Bundles - 	Entry: E:\SOFTWARE 64-BIT\Spring boot\plugins\org.eclipse.m2e.maven.runtime_3.9.600.20231203-1234\jars\maven-plugin-api-3.9.6.jar
2024-06-18 13:07:39,967 [Worker-11: Launching mavenrun-64810a50-4036-43a5-8504-999b8343d11b] INFO  o.eclipse.m2e.core.internal.Bundles - 	Entry: E:\SOFTWARE 64-BIT\Spring boot\plugins\org.eclipse.m2e.maven.runtime_3.9.600.20231203-1234\jars\maven-repository-metadata-3.9.6.jar
2024-06-18 13:07:39,967 [Worker-11: Launching mavenrun-64810a50-4036-43a5-8504-999b8343d11b] INFO  o.eclipse.m2e.core.internal.Bundles - 	Entry: E:\SOFTWARE 64-BIT\Spring boot\plugins\org.eclipse.m2e.maven.runtime_3.9.600.20231203-1234\jars\maven-resolver-api-1.9.18.jar
2024-06-18 13:07:39,967 [Worker-11: Launching mavenrun-64810a50-4036-43a5-8504-999b8343d11b] INFO  o.eclipse.m2e.core.internal.Bundles - 	Entry: E:\SOFTWARE 64-BIT\Spring boot\plugins\org.eclipse.m2e.maven.runtime_3.9.600.20231203-1234\jars\maven-resolver-connector-basic-1.9.18.jar
2024-06-18 13:07:39,967 [Worker-11: Launching mavenrun-64810a50-4036-43a5-8504-999b8343d11b] INFO  o.eclipse.m2e.core.internal.Bundles - 	Entry: E:\SOFTWARE 64-BIT\Spring boot\plugins\org.eclipse.m2e.maven.runtime_3.9.600.20231203-1234\jars\maven-resolver-impl-1.9.18.jar
2024-06-18 13:07:39,967 [Worker-11: Launching mavenrun-64810a50-4036-43a5-8504-999b8343d11b] INFO  o.eclipse.m2e.core.internal.Bundles - 	Entry: E:\SOFTWARE 64-BIT\Spring boot\plugins\org.eclipse.m2e.maven.runtime_3.9.600.20231203-1234\jars\maven-resolver-named-locks-1.9.18.jar
2024-06-18 13:07:39,967 [Worker-11: Launching mavenrun-64810a50-4036-43a5-8504-999b8343d11b] INFO  o.eclipse.m2e.core.internal.Bundles - 	Entry: E:\SOFTWARE 64-BIT\Spring boot\plugins\org.eclipse.m2e.maven.runtime_3.9.600.20231203-1234\jars\maven-resolver-provider-3.9.6.jar
2024-06-18 13:07:39,969 [Worker-11: Launching mavenrun-64810a50-4036-43a5-8504-999b8343d11b] INFO  o.eclipse.m2e.core.internal.Bundles - 	Entry: E:\SOFTWARE 64-BIT\Spring boot\plugins\org.eclipse.m2e.maven.runtime_3.9.600.20231203-1234\jars\maven-resolver-spi-1.9.18.jar
2024-06-18 13:07:39,969 [Worker-11: Launching mavenrun-64810a50-4036-43a5-8504-999b8343d11b] INFO  o.eclipse.m2e.core.internal.Bundles - 	Entry: E:\SOFTWARE 64-BIT\Spring boot\plugins\org.eclipse.m2e.maven.runtime_3.9.600.20231203-1234\jars\maven-resolver-transport-file-1.9.18.jar
2024-06-18 13:07:39,969 [Worker-11: Launching mavenrun-64810a50-4036-43a5-8504-999b8343d11b] INFO  o.eclipse.m2e.core.internal.Bundles - 	Entry: E:\SOFTWARE 64-BIT\Spring boot\plugins\org.eclipse.m2e.maven.runtime_3.9.600.20231203-1234\jars\maven-resolver-transport-http-1.9.18.jar
2024-06-18 13:07:39,969 [Worker-11: Launching mavenrun-64810a50-4036-43a5-8504-999b8343d11b] INFO  o.eclipse.m2e.core.internal.Bundles - 	Entry: E:\SOFTWARE 64-BIT\Spring boot\plugins\org.eclipse.m2e.maven.runtime_3.9.600.20231203-1234\jars\maven-resolver-transport-wagon-1.9.18.jar
2024-06-18 13:07:39,969 [Worker-11: Launching mavenrun-64810a50-4036-43a5-8504-999b8343d11b] INFO  o.eclipse.m2e.core.internal.Bundles - 	Entry: E:\SOFTWARE 64-BIT\Spring boot\plugins\org.eclipse.m2e.maven.runtime_3.9.600.20231203-1234\jars\maven-resolver-util-1.9.18.jar
2024-06-18 13:07:39,969 [Worker-11: Launching mavenrun-64810a50-4036-43a5-8504-999b8343d11b] INFO  o.eclipse.m2e.core.internal.Bundles - 	Entry: E:\SOFTWARE 64-BIT\Spring boot\plugins\org.eclipse.m2e.maven.runtime_3.9.600.20231203-1234\jars\maven-settings-3.9.6.jar
2024-06-18 13:07:39,969 [Worker-11: Launching mavenrun-64810a50-4036-43a5-8504-999b8343d11b] INFO  o.eclipse.m2e.core.internal.Bundles - 	Entry: E:\SOFTWARE 64-BIT\Spring boot\plugins\org.eclipse.m2e.maven.runtime_3.9.600.20231203-1234\jars\maven-settings-builder-3.9.6.jar
2024-06-18 13:07:39,969 [Worker-11: Launching mavenrun-64810a50-4036-43a5-8504-999b8343d11b] INFO  o.eclipse.m2e.core.internal.Bundles - 	Entry: E:\SOFTWARE 64-BIT\Spring boot\plugins\org.eclipse.m2e.maven.runtime_3.9.600.20231203-1234\jars\maven-shared-utils-3.3.4.jar
2024-06-18 13:07:39,969 [Worker-11: Launching mavenrun-64810a50-4036-43a5-8504-999b8343d11b] INFO  o.eclipse.m2e.core.internal.Bundles - 	Entry: E:\SOFTWARE 64-BIT\Spring boot\plugins\org.eclipse.m2e.maven.runtime_3.9.600.20231203-1234\jars\org.eclipse.sisu.inject-0.9.0.M2.jar
2024-06-18 13:07:39,969 [Worker-11: Launching mavenrun-64810a50-4036-43a5-8504-999b8343d11b] INFO  o.eclipse.m2e.core.internal.Bundles - 	Entry: E:\SOFTWARE 64-BIT\Spring boot\plugins\org.eclipse.m2e.maven.runtime_3.9.600.20231203-1234\jars\org.eclipse.sisu.plexus-0.9.0.M2.jar
2024-06-18 13:07:39,969 [Worker-11: Launching mavenrun-64810a50-4036-43a5-8504-999b8343d11b] INFO  o.eclipse.m2e.core.internal.Bundles - 	Entry: E:\SOFTWARE 64-BIT\Spring boot\plugins\org.eclipse.m2e.maven.runtime_3.9.600.20231203-1234\jars\plexus-build-api-0.0.7.jar
2024-06-18 13:07:39,969 [Worker-11: Launching mavenrun-64810a50-4036-43a5-8504-999b8343d11b] INFO  o.eclipse.m2e.core.internal.Bundles - 	Entry: E:\SOFTWARE 64-BIT\Spring boot\plugins\org.eclipse.m2e.maven.runtime_3.9.600.20231203-1234\jars\plexus-cipher-2.0.jar
2024-06-18 13:07:39,969 [Worker-11: Launching mavenrun-64810a50-4036-43a5-8504-999b8343d11b] INFO  o.eclipse.m2e.core.internal.Bundles - 	Entry: E:\SOFTWARE 64-BIT\Spring boot\plugins\org.eclipse.m2e.maven.runtime_3.9.600.20231203-1234\jars\plexus-classworlds-2.7.0.jar
2024-06-18 13:07:39,969 [Worker-11: Launching mavenrun-64810a50-4036-43a5-8504-999b8343d11b] INFO  o.eclipse.m2e.core.internal.Bundles - 	Entry: E:\SOFTWARE 64-BIT\Spring boot\plugins\org.eclipse.m2e.maven.runtime_3.9.600.20231203-1234\jars\plexus-component-annotations-2.1.0.jar
2024-06-18 13:07:39,969 [Worker-11: Launching mavenrun-64810a50-4036-43a5-8504-999b8343d11b] INFO  o.eclipse.m2e.core.internal.Bundles - 	Entry: E:\SOFTWARE 64-BIT\Spring boot\plugins\org.eclipse.m2e.maven.runtime_3.9.600.20231203-1234\jars\plexus-interpolation-1.26.jar
2024-06-18 13:07:39,969 [Worker-11: Launching mavenrun-64810a50-4036-43a5-8504-999b8343d11b] INFO  o.eclipse.m2e.core.internal.Bundles - 	Entry: E:\SOFTWARE 64-BIT\Spring boot\plugins\org.eclipse.m2e.maven.runtime_3.9.600.20231203-1234\jars\plexus-sec-dispatcher-2.0.jar
2024-06-18 13:07:39,969 [Worker-11: Launching mavenrun-64810a50-4036-43a5-8504-999b8343d11b] INFO  o.eclipse.m2e.core.internal.Bundles - 	Entry: E:\SOFTWARE 64-BIT\Spring boot\plugins\org.eclipse.m2e.maven.runtime_3.9.600.20231203-1234\jars\plexus-utils-3.5.1.jar
2024-06-18 13:07:39,969 [Worker-11: Launching mavenrun-64810a50-4036-43a5-8504-999b8343d11b] INFO  o.eclipse.m2e.core.internal.Bundles - 	Entry: E:\SOFTWARE 64-BIT\Spring boot\plugins\org.eclipse.m2e.maven.runtime_3.9.600.20231203-1234\jars\wagon-file-3.5.3.jar
2024-06-18 13:07:39,969 [Worker-11: Launching mavenrun-64810a50-4036-43a5-8504-999b8343d11b] INFO  o.eclipse.m2e.core.internal.Bundles - 	Entry: E:\SOFTWARE 64-BIT\Spring boot\plugins\org.eclipse.m2e.maven.runtime_3.9.600.20231203-1234\jars\wagon-http-3.5.3.jar
2024-06-18 13:07:39,969 [Worker-11: Launching mavenrun-64810a50-4036-43a5-8504-999b8343d11b] INFO  o.eclipse.m2e.core.internal.Bundles - 	Entry: E:\SOFTWARE 64-BIT\Spring boot\plugins\org.eclipse.m2e.maven.runtime_3.9.600.20231203-1234\jars\wagon-http-shared-3.5.3.jar
2024-06-18 13:07:39,969 [Worker-11: Launching mavenrun-64810a50-4036-43a5-8504-999b8343d11b] INFO  o.eclipse.m2e.core.internal.Bundles - 	Entry: E:\SOFTWARE 64-BIT\Spring boot\plugins\org.eclipse.m2e.maven.runtime_3.9.600.20231203-1234\jars\wagon-provider-api-3.5.3.jar
2024-06-18 13:07:39,971 [Worker-11: Launching mavenrun-64810a50-4036-43a5-8504-999b8343d11b] INFO  o.eclipse.m2e.core.internal.Bundles - getClasspathEntries(Bundle=com.google.guava_33.0.0.jre [27])
2024-06-18 13:07:39,971 [Worker-11: Launching mavenrun-64810a50-4036-43a5-8504-999b8343d11b] INFO  o.eclipse.m2e.core.internal.Bundles - 	Entry: E:\SOFTWARE 64-BIT\Spring boot\plugins\com.google.guava_33.0.0.jre.jar
2024-06-18 13:07:39,971 [Worker-11: Launching mavenrun-64810a50-4036-43a5-8504-999b8343d11b] INFO  o.eclipse.m2e.core.internal.Bundles - getClasspathEntries(Bundle=slf4j.api_2.0.12 [584])
2024-06-18 13:07:39,971 [Worker-11: Launching mavenrun-64810a50-4036-43a5-8504-999b8343d11b] INFO  o.eclipse.m2e.core.internal.Bundles - 	Entry: E:\SOFTWARE 64-BIT\Spring boot\plugins\slf4j.api_2.0.12.jar
2024-06-18 13:07:39,971 [Worker-11: Launching mavenrun-64810a50-4036-43a5-8504-999b8343d11b] INFO  o.eclipse.m2e.core.internal.Bundles - getClasspathEntries(Bundle=jakarta.inject.jakarta.inject-api_1.0.5 [44])
2024-06-18 13:07:39,971 [Worker-11: Launching mavenrun-64810a50-4036-43a5-8504-999b8343d11b] INFO  o.eclipse.m2e.core.internal.Bundles - 	Entry: E:\SOFTWARE 64-BIT\Spring boot\plugins\jakarta.inject.jakarta.inject-api_1.0.5.jar
2024-06-18 13:07:39,971 [Worker-11: Launching mavenrun-64810a50-4036-43a5-8504-999b8343d11b] INFO  o.eclipse.m2e.core.internal.Bundles - getClasspathEntries(Bundle=jakarta.annotation-api_1.3.5 [40])
2024-06-18 13:07:39,972 [Worker-11: Launching mavenrun-64810a50-4036-43a5-8504-999b8343d11b] INFO  o.eclipse.m2e.core.internal.Bundles - 	Entry: E:\SOFTWARE 64-BIT\Spring boot\plugins\jakarta.annotation-api_1.3.5.jar
2024-06-18 13:07:39,972 [Worker-11: Launching mavenrun-64810a50-4036-43a5-8504-999b8343d11b] INFO  o.eclipse.m2e.core.internal.Bundles - getClasspathEntries(Bundle=org.apache.commons.cli_1.6.0 [75])
2024-06-18 13:07:39,972 [Worker-11: Launching mavenrun-64810a50-4036-43a5-8504-999b8343d11b] INFO  o.eclipse.m2e.core.internal.Bundles - 	Entry: E:\SOFTWARE 64-BIT\Spring boot\plugins\org.apache.commons.cli_1.6.0.jar
2024-06-18 13:07:39,972 [Worker-11: Launching mavenrun-64810a50-4036-43a5-8504-999b8343d11b] INFO  o.eclipse.m2e.core.internal.Bundles - getClasspathEntries(Bundle=org.apache.commons.commons-codec_1.16.0 [77])
2024-06-18 13:07:39,972 [Worker-11: Launching mavenrun-64810a50-4036-43a5-8504-999b8343d11b] INFO  o.eclipse.m2e.core.internal.Bundles - 	Entry: E:\SOFTWARE 64-BIT\Spring boot\plugins\org.apache.commons.commons-codec_1.16.0.jar
2024-06-18 13:07:39,972 [Worker-11: Launching mavenrun-64810a50-4036-43a5-8504-999b8343d11b] INFO  o.eclipse.m2e.core.internal.Bundles - getClasspathEntries(Bundle=org.apache.commons.lang3_3.14.0 [81])
2024-06-18 13:07:39,972 [Worker-11: Launching mavenrun-64810a50-4036-43a5-8504-999b8343d11b] INFO  o.eclipse.m2e.core.internal.Bundles - 	Entry: E:\SOFTWARE 64-BIT\Spring boot\plugins\org.apache.commons.lang3_3.14.0.jar
2024-06-18 13:07:39,972 [Worker-11: Launching mavenrun-64810a50-4036-43a5-8504-999b8343d11b] INFO  o.eclipse.m2e.core.internal.Bundles - getClasspathEntries(Bundle=com.google.guava.failureaccess_1.0.2 [29])
2024-06-18 13:07:39,972 [Worker-11: Launching mavenrun-64810a50-4036-43a5-8504-999b8343d11b] INFO  o.eclipse.m2e.core.internal.Bundles - 	Entry: E:\SOFTWARE 64-BIT\Spring boot\plugins\com.google.guava.failureaccess_1.0.2.jar
2024-06-18 13:07:40,072 [Worker-11: Launching mavenrun-64810a50-4036-43a5-8504-999b8343d11b] INFO  o.e.m.i.launch.MavenLaunchDelegate - Run build in "C:\Users\DHRUVI~1\AppData\Local\Temp\m2e-archetypeGenerator2677149386249132076":
2024-06-18 13:07:40,102 [Worker-11: Launching mavenrun-64810a50-4036-43a5-8504-999b8343d11b] INFO  o.e.m.i.launch.MavenLaunchDelegate -  mvn  -DarchetypeGroupId=org.apache.maven.archetypes -DarchetypeArtifactId=maven-archetype-quickstart -DarchetypeVersion=1.1 -DgroupId=com -DartifactId=jwt-token -Dversion=0.0.1-SNAPSHOT -Dpackage=com.jwt_token -DoutputDirectory=D:\Task -Dstyle.color=always -U archetype:generate
2024-06-18 13:16:57,098 [Worker-9: Import Getting Started Content] INFO  o.e.m.c.i.l.LifecycleMappingFactory - Using org.eclipse.m2e.jdt.JarLifecycleMapping lifecycle mapping for MavenProject: com.Jwt-Token:Jwt-Token:0.0.1-SNAPSHOT @ D:\Task\Jwt-Token\pom.xml.
2024-06-18 13:16:57,193 [Worker-9: Import Getting Started Content] INFO  o.e.m.c.i.e.AbstractTransferListenerAdapter - Downloading https://repo.maven.apache.org/maven2/org/springframework/boot/spring-boot-starter-security/3.3.0/spring-boot-starter-security-3.3.0.pom
2024-06-18 13:16:57,197 [Worker-9: Import Getting Started Content] INFO  o.e.m.c.i.e.AbstractTransferListenerAdapter - Downloaded https://repo.maven.apache.org/maven2/org/springframework/boot/spring-boot-starter-security/3.3.0/spring-boot-starter-security-3.3.0.pom
2024-06-18 13:16:57,322 [Worker-9: Import Getting Started Content] INFO  o.e.m.c.i.e.AbstractTransferListenerAdapter - Downloading https://repo.maven.apache.org/maven2/org/springframework/security/spring-security-config/6.3.0/spring-security-config-6.3.0.pom
2024-06-18 13:16:57,327 [Worker-9: Import Getting Started Content] INFO  o.e.m.c.i.e.AbstractTransferListenerAdapter - Downloaded https://repo.maven.apache.org/maven2/org/springframework/security/spring-security-config/6.3.0/spring-security-config-6.3.0.pom
2024-06-18 13:16:57,349 [Worker-9: Import Getting Started Content] INFO  o.e.m.c.i.e.AbstractTransferListenerAdapter - Downloading https://repo.maven.apache.org/maven2/org/springframework/security/spring-security-core/6.3.0/spring-security-core-6.3.0.pom
2024-06-18 13:16:57,353 [Worker-9: Import Getting Started Content] INFO  o.e.m.c.i.e.AbstractTransferListenerAdapter - Downloaded https://repo.maven.apache.org/maven2/org/springframework/security/spring-security-core/6.3.0/spring-security-core-6.3.0.pom
2024-06-18 13:16:57,374 [Worker-9: Import Getting Started Content] INFO  o.e.m.c.i.e.AbstractTransferListenerAdapter - Downloading https://repo.maven.apache.org/maven2/org/springframework/security/spring-security-crypto/6.3.0/spring-security-crypto-6.3.0.pom
2024-06-18 13:16:57,377 [Worker-9: Import Getting Started Content] INFO  o.e.m.c.i.e.AbstractTransferListenerAdapter - Downloaded https://repo.maven.apache.org/maven2/org/springframework/security/spring-security-crypto/6.3.0/spring-security-crypto-6.3.0.pom
2024-06-18 13:16:57,397 [Worker-9: Import Getting Started Content] INFO  o.e.m.c.i.e.AbstractTransferListenerAdapter - Downloading https://repo.maven.apache.org/maven2/org/springframework/security/spring-security-web/6.3.0/spring-security-web-6.3.0.pom
2024-06-18 13:16:57,400 [Worker-9: Import Getting Started Content] INFO  o.e.m.c.i.e.AbstractTransferListenerAdapter - Downloaded https://repo.maven.apache.org/maven2/org/springframework/security/spring-security-web/6.3.0/spring-security-web-6.3.0.pom
2024-06-18 13:16:57,567 [Worker-9: Import Getting Started Content] INFO  o.e.m.c.i.e.AbstractTransferListenerAdapter - Downloading https://repo.maven.apache.org/maven2/org/springframework/security/spring-security-test/6.3.0/spring-security-test-6.3.0.pom
2024-06-18 13:16:57,570 [Worker-9: Import Getting Started Content] INFO  o.e.m.c.i.e.AbstractTransferListenerAdapter - Downloaded https://repo.maven.apache.org/maven2/org/springframework/security/spring-security-test/6.3.0/spring-security-test-6.3.0.pom
2024-06-18 13:16:57,674 [Worker-9: Import Getting Started Content] INFO  o.e.m.c.i.e.AbstractTransferListenerAdapter - Downloading https://repo.maven.apache.org/maven2/org/springframework/boot/spring-boot-starter-security/3.3.0/spring-boot-starter-security-3.3.0.jar
2024-06-18 13:16:57,678 [Worker-9: Import Getting Started Content] INFO  o.e.m.c.i.e.AbstractTransferListenerAdapter - Downloaded https://repo.maven.apache.org/maven2/org/springframework/boot/spring-boot-starter-security/3.3.0/spring-boot-starter-security-3.3.0.jar
2024-06-18 13:16:57,707 [BasicRepositoryConnector-repo.maven.apache.org-0-0] INFO  o.e.m.c.i.e.AbstractTransferListenerAdapter - Downloading https://repo.maven.apache.org/maven2/org/springframework/security/spring-security-config/6.3.0/spring-security-config-6.3.0.jar
2024-06-18 13:16:57,750 [BasicRepositoryConnector-repo.maven.apache.org-0-1] INFO  o.e.m.c.i.e.AbstractTransferListenerAdapter - Downloading https://repo.maven.apache.org/maven2/org/springframework/security/spring-security-web/6.3.0/spring-security-web-6.3.0.jar
2024-06-18 13:16:57,764 [BasicRepositoryConnector-repo.maven.apache.org-0-2] INFO  o.e.m.c.i.e.AbstractTransferListenerAdapter - Downloading https://repo.maven.apache.org/maven2/org/springframework/security/spring-security-test/6.3.0/spring-security-test-6.3.0.jar
2024-06-18 13:16:57,816 [BasicRepositoryConnector-repo.maven.apache.org-0-3] INFO  o.e.m.c.i.e.AbstractTransferListenerAdapter - Downloading https://repo.maven.apache.org/maven2/org/springframework/security/spring-security-core/6.3.0/spring-security-core-6.3.0.jar
2024-06-18 13:16:57,816 [BasicRepositoryConnector-repo.maven.apache.org-0-4] INFO  o.e.m.c.i.e.AbstractTransferListenerAdapter - Downloading https://repo.maven.apache.org/maven2/org/springframework/security/spring-security-crypto/6.3.0/spring-security-crypto-6.3.0.jar
2024-06-18 13:16:57,915 [BasicRepositoryConnector-repo.maven.apache.org-0-2] INFO  o.e.m.c.i.e.AbstractTransferListenerAdapter - Downloaded https://repo.maven.apache.org/maven2/org/springframework/security/spring-security-test/6.3.0/spring-security-test-6.3.0.jar
2024-06-18 13:16:57,992 [BasicRepositoryConnector-repo.maven.apache.org-0-4] INFO  o.e.m.c.i.e.AbstractTransferListenerAdapter - Downloaded https://repo.maven.apache.org/maven2/org/springframework/security/spring-security-crypto/6.3.0/spring-security-crypto-6.3.0.jar
2024-06-18 13:16:58,199 [BasicRepositoryConnector-repo.maven.apache.org-0-3] INFO  o.e.m.c.i.e.AbstractTransferListenerAdapter - Downloaded https://repo.maven.apache.org/maven2/org/springframework/security/spring-security-core/6.3.0/spring-security-core-6.3.0.jar
2024-06-18 13:16:58,228 [BasicRepositoryConnector-repo.maven.apache.org-0-1] INFO  o.e.m.c.i.e.AbstractTransferListenerAdapter - Downloaded https://repo.maven.apache.org/maven2/org/springframework/security/spring-security-web/6.3.0/spring-security-web-6.3.0.jar
2024-06-18 13:16:58,263 [BasicRepositoryConnector-repo.maven.apache.org-0-0] INFO  o.e.m.c.i.e.AbstractTransferListenerAdapter - Downloaded https://repo.maven.apache.org/maven2/org/springframework/security/spring-security-config/6.3.0/spring-security-config-6.3.0.jar
2024-06-18 13:16:59,325 [Worker-9: Import Getting Started Content] INFO  o.e.m.j.i.AbstractJavaProjectConfigurator - Adding source folder /Jwt-Token/src/main/java
2024-06-18 13:16:59,327 [Worker-9: Import Getting Started Content] INFO  o.e.m.j.i.AbstractJavaProjectConfigurator - Adding resource folder /Jwt-Token/src/main/resources
2024-06-18 13:16:59,331 [Worker-9: Import Getting Started Content] INFO  o.e.m.j.i.AbstractJavaProjectConfigurator - Adding resource folder /Jwt-Token/src/main/resources
2024-06-18 13:16:59,334 [Worker-9: Import Getting Started Content] INFO  o.e.m.j.i.AbstractJavaProjectConfigurator - Adding source folder /Jwt-Token/src/test/java
2024-06-18 13:16:59,335 [Worker-9: Import Getting Started Content] INFO  o.e.m.j.i.AbstractJavaProjectConfigurator - Adding resource folder /Jwt-Token/src/test/resources
2024-06-18 13:16:59,809 [Worker-9: Import Getting Started Content] INFO  o.e.m.c.i.p.ProjectConfigurationManager - Imported and configured 1 project(s) in 5 sec
2024-06-18 13:16:59,812 [Worker-9: Import Getting Started Content] INFO  o.e.m.c.i.p.ProjectConfigurationManager - Update started
2024-06-18 13:17:00,817 [Worker-9: Import Getting Started Content] INFO  o.e.m.c.i.l.LifecycleMappingFactory - Using org.eclipse.m2e.jdt.JarLifecycleMapping lifecycle mapping for MavenProject: com.Jwt-Token:Jwt-Token:0.0.1-SNAPSHOT @ D:\Task\Jwt-Token\pom.xml.
2024-06-18 13:17:00,834 [Worker-19: Download sources and javadoc] INFO  o.e.m.c.i.e.AbstractTransferListenerAdapter - Downloading https://repo.maven.apache.org/maven2/org/springframework/boot/spring-boot-starter-security/3.3.0/spring-boot-starter-security-3.3.0-sources.jar
2024-06-18 13:17:00,840 [Worker-19: Download sources and javadoc] INFO  o.e.m.c.i.e.AbstractTransferListenerAdapter - Downloaded https://repo.maven.apache.org/maven2/org/springframework/boot/spring-boot-starter-security/3.3.0/spring-boot-starter-security-3.3.0-sources.jar
2024-06-18 13:17:00,846 [Worker-19: Download sources and javadoc] INFO  o.e.m.j.internal.DownloadSourcesJob - Downloaded sources for org.springframework.boot:spring-boot-starter-security:3.3.0
2024-06-18 13:17:00,940 [Worker-19: Download sources and javadoc] INFO  o.e.m.c.i.e.AbstractTransferListenerAdapter - Downloading https://repo.maven.apache.org/maven2/org/springframework/security/spring-security-config/6.3.0/spring-security-config-6.3.0-sources.jar
2024-06-18 13:17:01,134 [Worker-19: Download sources and javadoc] INFO  o.e.m.c.i.e.AbstractTransferListenerAdapter - Downloaded https://repo.maven.apache.org/maven2/org/springframework/security/spring-security-config/6.3.0/spring-security-config-6.3.0-sources.jar
2024-06-18 13:17:01,141 [Worker-19: Download sources and javadoc] INFO  o.e.m.j.internal.DownloadSourcesJob - Downloaded sources for org.springframework.security:spring-security-config:6.3.0
2024-06-18 13:17:01,228 [Worker-19: Download sources and javadoc] INFO  o.e.m.c.i.e.AbstractTransferListenerAdapter - Downloading https://repo.maven.apache.org/maven2/org/springframework/security/spring-security-web/6.3.0/spring-security-web-6.3.0-sources.jar
2024-06-18 13:17:01,340 [Worker-19: Download sources and javadoc] INFO  o.e.m.c.i.e.AbstractTransferListenerAdapter - Downloaded https://repo.maven.apache.org/maven2/org/springframework/security/spring-security-web/6.3.0/spring-security-web-6.3.0-sources.jar
2024-06-18 13:17:01,364 [Worker-19: Download sources and javadoc] INFO  o.e.m.j.internal.DownloadSourcesJob - Downloaded sources for org.springframework.security:spring-security-web:6.3.0
2024-06-18 13:17:01,431 [Worker-19: Download sources and javadoc] INFO  o.e.m.c.i.e.AbstractTransferListenerAdapter - Downloading https://repo.maven.apache.org/maven2/org/springframework/security/spring-security-test/6.3.0/spring-security-test-6.3.0-sources.jar
2024-06-18 13:17:01,454 [Worker-19: Download sources and javadoc] INFO  o.e.m.c.i.e.AbstractTransferListenerAdapter - Downloaded https://repo.maven.apache.org/maven2/org/springframework/security/spring-security-test/6.3.0/spring-security-test-6.3.0-sources.jar
2024-06-18 13:17:01,463 [Worker-19: Download sources and javadoc] INFO  o.e.m.j.internal.DownloadSourcesJob - Downloaded sources for org.springframework.security:spring-security-test:6.3.0
2024-06-18 13:17:01,556 [Worker-9: Import Getting Started Content] INFO  o.e.m.j.i.AbstractJavaProjectConfigurator - Adding source folder /Jwt-Token/src/main/java
2024-06-18 13:17:01,557 [Worker-9: Import Getting Started Content] INFO  o.e.m.j.i.AbstractJavaProjectConfigurator - Adding resource folder /Jwt-Token/src/main/resources
2024-06-18 13:17:01,558 [Worker-9: Import Getting Started Content] INFO  o.e.m.j.i.AbstractJavaProjectConfigurator - Adding resource folder /Jwt-Token/src/main/resources
2024-06-18 13:17:01,559 [Worker-9: Import Getting Started Content] INFO  o.e.m.j.i.AbstractJavaProjectConfigurator - Adding source folder /Jwt-Token/src/test/java
2024-06-18 13:17:01,560 [Worker-9: Import Getting Started Content] INFO  o.e.m.j.i.AbstractJavaProjectConfigurator - Adding resource folder /Jwt-Token/src/test/resources
2024-06-18 13:17:01,568 [Worker-19: Download sources and javadoc] INFO  o.e.m.c.i.e.AbstractTransferListenerAdapter - Downloading https://repo.maven.apache.org/maven2/org/springframework/security/spring-security-core/6.3.0/spring-security-core-6.3.0-sources.jar
2024-06-18 13:17:01,680 [Worker-19: Download sources and javadoc] INFO  o.e.m.c.i.e.AbstractTransferListenerAdapter - Downloaded https://repo.maven.apache.org/maven2/org/springframework/security/spring-security-core/6.3.0/spring-security-core-6.3.0-sources.jar
2024-06-18 13:17:01,686 [Worker-19: Download sources and javadoc] INFO  o.e.m.j.internal.DownloadSourcesJob - Downloaded sources for org.springframework.security:spring-security-core:6.3.0
2024-06-18 13:17:01,779 [Worker-19: Download sources and javadoc] INFO  o.e.m.c.i.e.AbstractTransferListenerAdapter - Downloading https://repo.maven.apache.org/maven2/org/springframework/security/spring-security-crypto/6.3.0/spring-security-crypto-6.3.0-sources.jar
2024-06-18 13:17:01,812 [Worker-19: Download sources and javadoc] INFO  o.e.m.c.i.e.AbstractTransferListenerAdapter - Downloaded https://repo.maven.apache.org/maven2/org/springframework/security/spring-security-crypto/6.3.0/spring-security-crypto-6.3.0-sources.jar
2024-06-18 13:17:01,816 [Worker-19: Download sources and javadoc] INFO  o.e.m.j.internal.DownloadSourcesJob - Downloaded sources for org.springframework.security:spring-security-crypto:6.3.0
2024-06-18 13:17:02,163 [Worker-9: Import Getting Started Content] INFO  o.e.m.c.i.p.ProjectConfigurationManager - Update completed for 1 poms: local refresh takes 0.00 sec, refresh facades takes 1.00 sec, update config takes 0.00 sec 
2024-06-18 13:17:02,871 [Worker-18: Building] INFO  o.a.m.s.f.DefaultMavenResourcesFiltering - Copying 1 resource from src\main\resources to target\classes
2024-06-18 13:17:02,889 [Worker-18: Building] INFO  o.a.m.s.f.DefaultMavenResourcesFiltering - Copying 0 resource from src\main\resources to target\classes
2024-06-18 13:17:02,894 [Worker-18: Building] INFO  o.a.m.s.f.DefaultMavenResourcesFiltering - skip non existing resourceDirectory D:\Task\Jwt-Token\src\test\resources
2024-06-18 13:19:09,496 [Worker-19: Building] INFO  o.e.m.c.i.l.LifecycleMappingFactory - Using org.eclipse.m2e.jdt.JarLifecycleMapping lifecycle mapping for MavenProject: com.Jwt-Token:Jwt-Token:0.0.1-SNAPSHOT @ D:\Task\Jwt-Token\pom.xml.
2024-06-18 13:19:10,090 [Worker-19: Building] INFO  o.a.m.s.f.DefaultMavenResourcesFiltering - Copying 0 resource from src\main\resources to target\classes
2024-06-18 13:19:10,091 [Worker-19: Building] INFO  o.a.m.s.f.DefaultMavenResourcesFiltering - Copying 0 resource from src\main\resources to target\classes
2024-06-18 13:19:10,095 [Worker-19: Building] INFO  o.a.m.s.f.DefaultMavenResourcesFiltering - skip non existing resourceDirectory D:\Task\Jwt-Token\src\test\resources
2024-06-18 13:19:11,291 [Worker-9: Building] INFO  o.a.m.s.f.DefaultMavenResourcesFiltering - Copying 1 resource from src\main\resources to target\classes
2024-06-18 13:19:11,305 [Worker-9: Building] INFO  o.a.m.s.f.DefaultMavenResourcesFiltering - Copying 0 resource from src\main\resources to target\classes
2024-06-18 13:19:11,308 [Worker-9: Building] INFO  o.a.m.s.f.DefaultMavenResourcesFiltering - skip non existing resourceDirectory D:\Task\Jwt-Token\src\test\resources
2024-06-18 13:21:42,356 [Worker-17: Building] INFO  o.a.m.s.f.DefaultMavenResourcesFiltering - Copying 1 resource from src\main\resources to target\classes
2024-06-18 13:21:42,391 [Worker-17: Building] INFO  o.a.m.s.f.DefaultMavenResourcesFiltering - Copying 0 resource from src\main\resources to target\classes
2024-06-18 13:21:42,396 [Worker-17: Building] INFO  o.a.m.s.f.DefaultMavenResourcesFiltering - skip non existing resourceDirectory D:\Task\Jwt-Token\src\test\resources
2024-06-18 13:23:41,120 [Worker-8: Building] INFO  o.a.m.s.f.DefaultMavenResourcesFiltering - Copying 1 resource from src\main\resources to target\classes
2024-06-18 13:23:41,127 [Worker-8: Building] INFO  o.a.m.s.f.DefaultMavenResourcesFiltering - Copying 0 resource from src\main\resources to target\classes
2024-06-18 13:23:41,134 [Worker-8: Building] INFO  o.a.m.s.f.DefaultMavenResourcesFiltering - skip non existing resourceDirectory D:\Task\Jwt-Token\src\test\resources
2024-06-18 13:24:16,172 [Worker-8: Building] INFO  o.a.m.s.f.DefaultMavenResourcesFiltering - Copying 1 resource from src\main\resources to target\classes
2024-06-18 13:24:16,179 [Worker-8: Building] INFO  o.a.m.s.f.DefaultMavenResourcesFiltering - Copying 0 resource from src\main\resources to target\classes
2024-06-18 13:24:16,182 [Worker-8: Building] INFO  o.a.m.s.f.DefaultMavenResourcesFiltering - skip non existing resourceDirectory D:\Task\Jwt-Token\src\test\resources
2024-06-18 13:24:31,470 [Worker-8: Building] INFO  o.a.m.s.f.DefaultMavenResourcesFiltering - Copying 1 resource from src\main\resources to target\classes
2024-06-18 13:24:31,482 [Worker-8: Building] INFO  o.a.m.s.f.DefaultMavenResourcesFiltering - Copying 0 resource from src\main\resources to target\classes
2024-06-18 13:24:31,485 [Worker-8: Building] INFO  o.a.m.s.f.DefaultMavenResourcesFiltering - skip non existing resourceDirectory D:\Task\Jwt-Token\src\test\resources
2024-06-18 13:24:39,151 [Worker-24: Building] INFO  o.a.m.s.f.DefaultMavenResourcesFiltering - Copying 1 resource from src\main\resources to target\classes
2024-06-18 13:24:39,157 [Worker-24: Building] INFO  o.a.m.s.f.DefaultMavenResourcesFiltering - Copying 0 resource from src\main\resources to target\classes
2024-06-18 13:24:39,162 [Worker-24: Building] INFO  o.a.m.s.f.DefaultMavenResourcesFiltering - skip non existing resourceDirectory D:\Task\Jwt-Token\src\test\resources
2024-06-18 13:29:45,793 [Worker-17: Building] INFO  o.a.m.s.f.DefaultMavenResourcesFiltering - Copying 1 resource from src\main\resources to target\classes
2024-06-18 13:29:45,801 [Worker-17: Building] INFO  o.a.m.s.f.DefaultMavenResourcesFiltering - Copying 0 resource from src\main\resources to target\classes
2024-06-18 13:29:45,806 [Worker-17: Building] INFO  o.a.m.s.f.DefaultMavenResourcesFiltering - skip non existing resourceDirectory D:\Task\Jwt-Token\src\test\resources
2024-06-18 13:30:00,867 [Worker-26: Building] INFO  o.a.m.s.f.DefaultMavenResourcesFiltering - Copying 1 resource from src\main\resources to target\classes
2024-06-18 13:30:00,873 [Worker-26: Building] INFO  o.a.m.s.f.DefaultMavenResourcesFiltering - Copying 0 resource from src\main\resources to target\classes
2024-06-18 13:30:00,877 [Worker-26: Building] INFO  o.a.m.s.f.DefaultMavenResourcesFiltering - skip non existing resourceDirectory D:\Task\Jwt-Token\src\test\resources
2024-06-18 13:30:25,461 [Worker-28: Building] INFO  o.e.m.c.i.l.LifecycleMappingFactory - Using org.eclipse.m2e.jdt.JarLifecycleMapping lifecycle mapping for MavenProject: com.Jwt-Token:Jwt-Token:0.0.1-SNAPSHOT @ D:\Task\Jwt-Token\pom.xml.
2024-06-18 13:30:26,119 [Worker-28: Building] INFO  o.e.m.c.i.embedder.EclipseLogger - Using 'UTF-8' encoding to copy filtered resources.
2024-06-18 13:30:26,119 [Worker-28: Building] INFO  o.e.m.c.i.embedder.EclipseLogger - Using 'UTF-8' encoding to copy filtered properties files.
2024-06-18 13:30:26,122 [Worker-28: Building] INFO  o.e.m.c.i.embedder.EclipseLogger - Copying 0 resource
2024-06-18 13:30:26,122 [Worker-28: Building] INFO  o.e.m.c.i.embedder.EclipseLogger - Copying 0 resource
2024-06-18 13:30:26,127 [Worker-28: Building] INFO  o.e.m.c.i.embedder.EclipseLogger - Using 'UTF-8' encoding to copy filtered resources.
2024-06-18 13:30:26,127 [Worker-28: Building] INFO  o.e.m.c.i.embedder.EclipseLogger - Using 'UTF-8' encoding to copy filtered properties files.
2024-06-18 13:30:26,127 [Worker-28: Building] INFO  o.e.m.c.i.embedder.EclipseLogger - skip non existing resourceDirectory D:\Task\Jwt-Token\src\test\resources
2024-06-18 13:30:26,619 [Worker-25: Updating Maven Project] INFO  o.e.m.c.i.p.ProjectConfigurationManager - Update started
2024-06-18 13:30:26,932 [Worker-25: Updating Maven Project] INFO  o.e.m.c.i.l.LifecycleMappingFactory - Using org.eclipse.m2e.jdt.JarLifecycleMapping lifecycle mapping for MavenProject: com.Jwt-Token:Jwt-Token:0.0.1-SNAPSHOT @ D:\Task\Jwt-Token\pom.xml.
2024-06-18 13:30:27,860 [Worker-25: Updating Maven Project] INFO  o.e.m.j.i.AbstractJavaProjectConfigurator - Adding source folder /Jwt-Token/src/main/java
2024-06-18 13:30:27,861 [Worker-25: Updating Maven Project] INFO  o.e.m.j.i.AbstractJavaProjectConfigurator - Adding resource folder /Jwt-Token/src/main/resources
2024-06-18 13:30:27,861 [Worker-25: Updating Maven Project] INFO  o.e.m.j.i.AbstractJavaProjectConfigurator - Adding resource folder /Jwt-Token/src/main/resources
2024-06-18 13:30:27,862 [Worker-25: Updating Maven Project] INFO  o.e.m.j.i.AbstractJavaProjectConfigurator - Adding source folder /Jwt-Token/src/test/java
2024-06-18 13:30:27,863 [Worker-25: Updating Maven Project] INFO  o.e.m.j.i.AbstractJavaProjectConfigurator - Adding resource folder /Jwt-Token/src/test/resources
2024-06-18 13:30:28,207 [Worker-25: Updating Maven Project] INFO  o.e.m.c.i.p.ProjectConfigurationManager - Update completed for 1 poms: local refresh takes 0.00 sec, refresh facades takes 0.00 sec, update config takes 0.00 sec 
2024-06-18 13:30:28,726 [Worker-29: Building] INFO  o.e.m.c.i.embedder.EclipseLogger - Using 'UTF-8' encoding to copy filtered resources.
2024-06-18 13:30:28,727 [Worker-29: Building] INFO  o.e.m.c.i.embedder.EclipseLogger - Using 'UTF-8' encoding to copy filtered properties files.
2024-06-18 13:30:28,728 [Worker-29: Building] INFO  o.e.m.c.i.embedder.EclipseLogger - Copying 1 resource
2024-06-18 13:30:28,741 [Worker-29: Building] INFO  o.e.m.c.i.embedder.EclipseLogger - Copying 0 resource
2024-06-18 13:30:28,747 [Worker-29: Building] INFO  o.e.m.c.i.embedder.EclipseLogger - Using 'UTF-8' encoding to copy filtered resources.
2024-06-18 13:30:28,747 [Worker-29: Building] INFO  o.e.m.c.i.embedder.EclipseLogger - Using 'UTF-8' encoding to copy filtered properties files.
2024-06-18 13:30:28,747 [Worker-29: Building] INFO  o.e.m.c.i.embedder.EclipseLogger - skip non existing resourceDirectory D:\Task\Jwt-Token\src\test\resources
2024-06-18 13:30:38,628 [Worker-17: Building] INFO  o.e.m.c.i.embedder.EclipseLogger - Using 'UTF-8' encoding to copy filtered resources.
2024-06-18 13:30:38,629 [Worker-17: Building] INFO  o.e.m.c.i.embedder.EclipseLogger - Using 'UTF-8' encoding to copy filtered properties files.
2024-06-18 13:30:38,630 [Worker-17: Building] INFO  o.e.m.c.i.embedder.EclipseLogger - Copying 1 resource
2024-06-18 13:30:38,633 [Worker-17: Building] INFO  o.e.m.c.i.embedder.EclipseLogger - Copying 0 resource
2024-06-18 13:30:38,635 [Worker-17: Building] INFO  o.e.m.c.i.embedder.EclipseLogger - Using 'UTF-8' encoding to copy filtered resources.
2024-06-18 13:30:38,635 [Worker-17: Building] INFO  o.e.m.c.i.embedder.EclipseLogger - Using 'UTF-8' encoding to copy filtered properties files.
2024-06-18 13:30:38,635 [Worker-17: Building] INFO  o.e.m.c.i.embedder.EclipseLogger - skip non existing resourceDirectory D:\Task\Jwt-Token\src\test\resources
2024-06-18 13:31:24,727 [Worker-27: Building] INFO  o.e.m.c.i.embedder.EclipseLogger - Using 'UTF-8' encoding to copy filtered resources.
2024-06-18 13:31:24,727 [Worker-27: Building] INFO  o.e.m.c.i.embedder.EclipseLogger - Using 'UTF-8' encoding to copy filtered properties files.
2024-06-18 13:31:24,728 [Worker-27: Building] INFO  o.e.m.c.i.embedder.EclipseLogger - Copying 1 resource
2024-06-18 13:31:24,741 [Worker-27: Building] INFO  o.e.m.c.i.embedder.EclipseLogger - Copying 0 resource
2024-06-18 13:31:24,744 [Worker-27: Building] INFO  o.e.m.c.i.embedder.EclipseLogger - Using 'UTF-8' encoding to copy filtered resources.
2024-06-18 13:31:24,744 [Worker-27: Building] INFO  o.e.m.c.i.embedder.EclipseLogger - Using 'UTF-8' encoding to copy filtered properties files.
2024-06-18 13:31:24,744 [Worker-27: Building] INFO  o.e.m.c.i.embedder.EclipseLogger - skip non existing resourceDirectory D:\Task\Jwt-Token\src\test\resources
2024-06-18 13:31:45,582 [Worker-31: Building] INFO  o.e.m.c.i.embedder.EclipseLogger - Using 'UTF-8' encoding to copy filtered resources.
2024-06-18 13:31:45,582 [Worker-31: Building] INFO  o.e.m.c.i.embedder.EclipseLogger - Using 'UTF-8' encoding to copy filtered properties files.
2024-06-18 13:31:45,583 [Worker-31: Building] INFO  o.e.m.c.i.embedder.EclipseLogger - Copying 1 resource
2024-06-18 13:31:45,587 [Worker-31: Building] INFO  o.e.m.c.i.embedder.EclipseLogger - Copying 0 resource
2024-06-18 13:31:45,589 [Worker-31: Building] INFO  o.e.m.c.i.embedder.EclipseLogger - Using 'UTF-8' encoding to copy filtered resources.
2024-06-18 13:31:45,589 [Worker-31: Building] INFO  o.e.m.c.i.embedder.EclipseLogger - Using 'UTF-8' encoding to copy filtered properties files.
2024-06-18 13:31:45,589 [Worker-31: Building] INFO  o.e.m.c.i.embedder.EclipseLogger - skip non existing resourceDirectory D:\Task\Jwt-Token\src\test\resources
2024-06-18 13:32:36,330 [Worker-28: Building] INFO  o.e.m.c.i.embedder.EclipseLogger - Using 'UTF-8' encoding to copy filtered resources.
2024-06-18 13:32:36,330 [Worker-28: Building] INFO  o.e.m.c.i.embedder.EclipseLogger - Using 'UTF-8' encoding to copy filtered properties files.
2024-06-18 13:32:36,330 [Worker-28: Building] INFO  o.e.m.c.i.embedder.EclipseLogger - Copying 1 resource
2024-06-18 13:32:36,334 [Worker-28: Building] INFO  o.e.m.c.i.embedder.EclipseLogger - Copying 0 resource
2024-06-18 13:32:36,336 [Worker-28: Building] INFO  o.e.m.c.i.embedder.EclipseLogger - Using 'UTF-8' encoding to copy filtered resources.
2024-06-18 13:32:36,336 [Worker-28: Building] INFO  o.e.m.c.i.embedder.EclipseLogger - Using 'UTF-8' encoding to copy filtered properties files.
2024-06-18 13:32:36,336 [Worker-28: Building] INFO  o.e.m.c.i.embedder.EclipseLogger - skip non existing resourceDirectory D:\Task\Jwt-Token\src\test\resources
2024-06-18 13:32:49,485 [Worker-31: Building] INFO  o.e.m.c.i.embedder.EclipseLogger - Using 'UTF-8' encoding to copy filtered resources.
2024-06-18 13:32:49,485 [Worker-31: Building] INFO  o.e.m.c.i.embedder.EclipseLogger - Using 'UTF-8' encoding to copy filtered properties files.
2024-06-18 13:32:49,486 [Worker-31: Building] INFO  o.e.m.c.i.embedder.EclipseLogger - Copying 1 resource
2024-06-18 13:32:49,490 [Worker-31: Building] INFO  o.e.m.c.i.embedder.EclipseLogger - Copying 0 resource
2024-06-18 13:32:49,492 [Worker-31: Building] INFO  o.e.m.c.i.embedder.EclipseLogger - Using 'UTF-8' encoding to copy filtered resources.
2024-06-18 13:32:49,492 [Worker-31: Building] INFO  o.e.m.c.i.embedder.EclipseLogger - Using 'UTF-8' encoding to copy filtered properties files.
2024-06-18 13:32:49,492 [Worker-31: Building] INFO  o.e.m.c.i.embedder.EclipseLogger - skip non existing resourceDirectory D:\Task\Jwt-Token\src\test\resources
2024-06-18 13:32:55,064 [Worker-30: Building] INFO  o.e.m.c.i.embedder.EclipseLogger - Using 'UTF-8' encoding to copy filtered resources.
2024-06-18 13:32:55,064 [Worker-30: Building] INFO  o.e.m.c.i.embedder.EclipseLogger - Using 'UTF-8' encoding to copy filtered properties files.
2024-06-18 13:32:55,064 [Worker-30: Building] INFO  o.e.m.c.i.embedder.EclipseLogger - Copying 1 resource
2024-06-18 13:32:55,068 [Worker-30: Building] INFO  o.e.m.c.i.embedder.EclipseLogger - Copying 0 resource
2024-06-18 13:32:55,070 [Worker-30: Building] INFO  o.e.m.c.i.embedder.EclipseLogger - Using 'UTF-8' encoding to copy filtered resources.
2024-06-18 13:32:55,070 [Worker-30: Building] INFO  o.e.m.c.i.embedder.EclipseLogger - Using 'UTF-8' encoding to copy filtered properties files.
2024-06-18 13:32:55,070 [Worker-30: Building] INFO  o.e.m.c.i.embedder.EclipseLogger - skip non existing resourceDirectory D:\Task\Jwt-Token\src\test\resources
2024-06-18 13:33:17,474 [Worker-29: Building] INFO  o.e.m.c.i.embedder.EclipseLogger - Using 'UTF-8' encoding to copy filtered resources.
2024-06-18 13:33:17,474 [Worker-29: Building] INFO  o.e.m.c.i.embedder.EclipseLogger - Using 'UTF-8' encoding to copy filtered properties files.
2024-06-18 13:33:17,476 [Worker-29: Building] INFO  o.e.m.c.i.embedder.EclipseLogger - Copying 1 resource
2024-06-18 13:33:17,484 [Worker-29: Building] INFO  o.e.m.c.i.embedder.EclipseLogger - Copying 0 resource
2024-06-18 13:33:17,489 [Worker-29: Building] INFO  o.e.m.c.i.embedder.EclipseLogger - Using 'UTF-8' encoding to copy filtered resources.
2024-06-18 13:33:17,489 [Worker-29: Building] INFO  o.e.m.c.i.embedder.EclipseLogger - Using 'UTF-8' encoding to copy filtered properties files.
2024-06-18 13:33:17,489 [Worker-29: Building] INFO  o.e.m.c.i.embedder.EclipseLogger - skip non existing resourceDirectory D:\Task\Jwt-Token\src\test\resources
2024-06-18 13:33:30,212 [Worker-26: Building] INFO  o.e.m.c.i.embedder.EclipseLogger - Using 'UTF-8' encoding to copy filtered resources.
2024-06-18 13:33:30,212 [Worker-26: Building] INFO  o.e.m.c.i.embedder.EclipseLogger - Using 'UTF-8' encoding to copy filtered properties files.
2024-06-18 13:33:30,213 [Worker-26: Building] INFO  o.e.m.c.i.embedder.EclipseLogger - Copying 1 resource
2024-06-18 13:33:30,233 [Worker-26: Building] INFO  o.e.m.c.i.embedder.EclipseLogger - Copying 0 resource
2024-06-18 13:33:30,235 [Worker-26: Building] INFO  o.e.m.c.i.embedder.EclipseLogger - Using 'UTF-8' encoding to copy filtered resources.
2024-06-18 13:33:30,235 [Worker-26: Building] INFO  o.e.m.c.i.embedder.EclipseLogger - Using 'UTF-8' encoding to copy filtered properties files.
2024-06-18 13:33:30,235 [Worker-26: Building] INFO  o.e.m.c.i.embedder.EclipseLogger - skip non existing resourceDirectory D:\Task\Jwt-Token\src\test\resources
2024-06-18 13:33:53,019 [Worker-29: Building] INFO  o.e.m.c.i.embedder.EclipseLogger - Using 'UTF-8' encoding to copy filtered resources.
2024-06-18 13:33:53,020 [Worker-29: Building] INFO  o.e.m.c.i.embedder.EclipseLogger - Using 'UTF-8' encoding to copy filtered properties files.
2024-06-18 13:33:53,020 [Worker-29: Building] INFO  o.e.m.c.i.embedder.EclipseLogger - Copying 1 resource
2024-06-18 13:33:53,027 [Worker-29: Building] INFO  o.e.m.c.i.embedder.EclipseLogger - Copying 0 resource
2024-06-18 13:33:53,031 [Worker-29: Building] INFO  o.e.m.c.i.embedder.EclipseLogger - Using 'UTF-8' encoding to copy filtered resources.
2024-06-18 13:33:53,031 [Worker-29: Building] INFO  o.e.m.c.i.embedder.EclipseLogger - Using 'UTF-8' encoding to copy filtered properties files.
2024-06-18 13:33:53,031 [Worker-29: Building] INFO  o.e.m.c.i.embedder.EclipseLogger - skip non existing resourceDirectory D:\Task\Jwt-Token\src\test\resources
2024-06-18 13:35:07,609 [Worker-25: Building] INFO  o.e.m.c.i.embedder.EclipseLogger - Using 'UTF-8' encoding to copy filtered resources.
2024-06-18 13:35:07,610 [Worker-25: Building] INFO  o.e.m.c.i.embedder.EclipseLogger - Using 'UTF-8' encoding to copy filtered properties files.
2024-06-18 13:35:07,611 [Worker-25: Building] INFO  o.e.m.c.i.embedder.EclipseLogger - Copying 1 resource
2024-06-18 13:35:07,624 [Worker-25: Building] INFO  o.e.m.c.i.embedder.EclipseLogger - Copying 0 resource
2024-06-18 13:35:07,627 [Worker-25: Building] INFO  o.e.m.c.i.embedder.EclipseLogger - Using 'UTF-8' encoding to copy filtered resources.
2024-06-18 13:35:07,627 [Worker-25: Building] INFO  o.e.m.c.i.embedder.EclipseLogger - Using 'UTF-8' encoding to copy filtered properties files.
2024-06-18 13:35:07,627 [Worker-25: Building] INFO  o.e.m.c.i.embedder.EclipseLogger - skip non existing resourceDirectory D:\Task\Jwt-Token\src\test\resources
2024-06-18 13:35:14,100 [Worker-29: Building] INFO  o.e.m.c.i.embedder.EclipseLogger - Using 'UTF-8' encoding to copy filtered resources.
2024-06-18 13:35:14,101 [Worker-29: Building] INFO  o.e.m.c.i.embedder.EclipseLogger - Using 'UTF-8' encoding to copy filtered properties files.
2024-06-18 13:35:14,101 [Worker-29: Building] INFO  o.e.m.c.i.embedder.EclipseLogger - Copying 1 resource
2024-06-18 13:35:14,113 [Worker-29: Building] INFO  o.e.m.c.i.embedder.EclipseLogger - Copying 0 resource
2024-06-18 13:35:14,115 [Worker-29: Building] INFO  o.e.m.c.i.embedder.EclipseLogger - Using 'UTF-8' encoding to copy filtered resources.
2024-06-18 13:35:14,115 [Worker-29: Building] INFO  o.e.m.c.i.embedder.EclipseLogger - Using 'UTF-8' encoding to copy filtered properties files.
2024-06-18 13:35:14,115 [Worker-29: Building] INFO  o.e.m.c.i.embedder.EclipseLogger - skip non existing resourceDirectory D:\Task\Jwt-Token\src\test\resources
2024-06-18 13:36:53,262 [Worker-31: Building] INFO  o.e.m.c.i.embedder.EclipseLogger - Using 'UTF-8' encoding to copy filtered resources.
2024-06-18 13:36:53,272 [Worker-31: Building] INFO  o.e.m.c.i.embedder.EclipseLogger - Using 'UTF-8' encoding to copy filtered properties files.
2024-06-18 13:36:53,273 [Worker-31: Building] INFO  o.e.m.c.i.embedder.EclipseLogger - Copying 1 resource
2024-06-18 13:36:53,290 [Worker-31: Building] INFO  o.e.m.c.i.embedder.EclipseLogger - Copying 0 resource
2024-06-18 13:36:53,292 [Worker-31: Building] INFO  o.e.m.c.i.embedder.EclipseLogger - Using 'UTF-8' encoding to copy filtered resources.
2024-06-18 13:36:53,292 [Worker-31: Building] INFO  o.e.m.c.i.embedder.EclipseLogger - Using 'UTF-8' encoding to copy filtered properties files.
2024-06-18 13:36:53,292 [Worker-31: Building] INFO  o.e.m.c.i.embedder.EclipseLogger - skip non existing resourceDirectory D:\Task\Jwt-Token\src\test\resources
2024-06-18 13:40:23,359 [Worker-25: Building] INFO  o.e.m.c.i.embedder.EclipseLogger - Using 'UTF-8' encoding to copy filtered resources.
2024-06-18 13:40:23,359 [Worker-25: Building] INFO  o.e.m.c.i.embedder.EclipseLogger - Using 'UTF-8' encoding to copy filtered properties files.
2024-06-18 13:40:23,360 [Worker-25: Building] INFO  o.e.m.c.i.embedder.EclipseLogger - Copying 1 resource
2024-06-18 13:40:23,365 [Worker-25: Building] INFO  o.e.m.c.i.embedder.EclipseLogger - Copying 0 resource
2024-06-18 13:40:23,367 [Worker-25: Building] INFO  o.e.m.c.i.embedder.EclipseLogger - Using 'UTF-8' encoding to copy filtered resources.
2024-06-18 13:40:23,367 [Worker-25: Building] INFO  o.e.m.c.i.embedder.EclipseLogger - Using 'UTF-8' encoding to copy filtered properties files.
2024-06-18 13:40:23,367 [Worker-25: Building] INFO  o.e.m.c.i.embedder.EclipseLogger - skip non existing resourceDirectory D:\Task\Jwt-Token\src\test\resources
2024-06-18 13:51:49,850 [Worker-43: Building] INFO  o.e.m.c.i.embedder.EclipseLogger - Using 'UTF-8' encoding to copy filtered resources.
2024-06-18 13:51:49,855 [Worker-43: Building] INFO  o.e.m.c.i.embedder.EclipseLogger - Using 'UTF-8' encoding to copy filtered properties files.
2024-06-18 13:51:49,858 [Worker-43: Building] INFO  o.e.m.c.i.embedder.EclipseLogger - Copying 1 resource
2024-06-18 13:51:49,877 [Worker-43: Building] INFO  o.e.m.c.i.embedder.EclipseLogger - Copying 0 resource
2024-06-18 13:51:49,880 [Worker-43: Building] INFO  o.e.m.c.i.embedder.EclipseLogger - Using 'UTF-8' encoding to copy filtered resources.
2024-06-18 13:51:49,880 [Worker-43: Building] INFO  o.e.m.c.i.embedder.EclipseLogger - Using 'UTF-8' encoding to copy filtered properties files.
2024-06-18 13:51:49,880 [Worker-43: Building] INFO  o.e.m.c.i.embedder.EclipseLogger - skip non existing resourceDirectory D:\Task\Jwt-Token\src\test\resources
2024-06-18 13:51:57,173 [Worker-43: Building] INFO  o.e.m.c.i.embedder.EclipseLogger - Using 'UTF-8' encoding to copy filtered resources.
2024-06-18 13:51:57,173 [Worker-43: Building] INFO  o.e.m.c.i.embedder.EclipseLogger - Using 'UTF-8' encoding to copy filtered properties files.
2024-06-18 13:51:57,173 [Worker-43: Building] INFO  o.e.m.c.i.embedder.EclipseLogger - Copying 1 resource
2024-06-18 13:51:57,205 [Worker-43: Building] INFO  o.e.m.c.i.embedder.EclipseLogger - Copying 0 resource
2024-06-18 13:51:57,209 [Worker-43: Building] INFO  o.e.m.c.i.embedder.EclipseLogger - Using 'UTF-8' encoding to copy filtered resources.
2024-06-18 13:51:57,209 [Worker-43: Building] INFO  o.e.m.c.i.embedder.EclipseLogger - Using 'UTF-8' encoding to copy filtered properties files.
2024-06-18 13:51:57,209 [Worker-43: Building] INFO  o.e.m.c.i.embedder.EclipseLogger - skip non existing resourceDirectory D:\Task\Jwt-Token\src\test\resources
2024-06-18 13:52:49,355 [Worker-46: Building] INFO  o.e.m.c.i.embedder.EclipseLogger - Using 'UTF-8' encoding to copy filtered resources.
2024-06-18 13:52:49,356 [Worker-46: Building] INFO  o.e.m.c.i.embedder.EclipseLogger - Using 'UTF-8' encoding to copy filtered properties files.
2024-06-18 13:52:49,357 [Worker-46: Building] INFO  o.e.m.c.i.embedder.EclipseLogger - Copying 1 resource
2024-06-18 13:52:49,504 [Worker-46: Building] INFO  o.e.m.c.i.embedder.EclipseLogger - Copying 0 resource
2024-06-18 13:52:49,507 [Worker-46: Building] INFO  o.e.m.c.i.embedder.EclipseLogger - Using 'UTF-8' encoding to copy filtered resources.
2024-06-18 13:52:49,507 [Worker-46: Building] INFO  o.e.m.c.i.embedder.EclipseLogger - Using 'UTF-8' encoding to copy filtered properties files.
2024-06-18 13:52:49,507 [Worker-46: Building] INFO  o.e.m.c.i.embedder.EclipseLogger - skip non existing resourceDirectory D:\Task\Jwt-Token\src\test\resources
2024-06-18 13:53:39,040 [Worker-47: Building] INFO  o.e.m.c.i.embedder.EclipseLogger - Using 'UTF-8' encoding to copy filtered resources.
2024-06-18 13:53:39,041 [Worker-47: Building] INFO  o.e.m.c.i.embedder.EclipseLogger - Using 'UTF-8' encoding to copy filtered properties files.
2024-06-18 13:53:39,041 [Worker-47: Building] INFO  o.e.m.c.i.embedder.EclipseLogger - Copying 1 resource
2024-06-18 13:53:39,074 [Worker-47: Building] INFO  o.e.m.c.i.embedder.EclipseLogger - Copying 0 resource
2024-06-18 13:53:39,076 [Worker-47: Building] INFO  o.e.m.c.i.embedder.EclipseLogger - Using 'UTF-8' encoding to copy filtered resources.
2024-06-18 13:53:39,076 [Worker-47: Building] INFO  o.e.m.c.i.embedder.EclipseLogger - Using 'UTF-8' encoding to copy filtered properties files.
2024-06-18 13:53:39,076 [Worker-47: Building] INFO  o.e.m.c.i.embedder.EclipseLogger - skip non existing resourceDirectory D:\Task\Jwt-Token\src\test\resources
2024-06-18 13:56:52,021 [Worker-35: Building] INFO  o.e.m.c.i.embedder.EclipseLogger - Using 'UTF-8' encoding to copy filtered resources.
2024-06-18 13:56:52,021 [Worker-35: Building] INFO  o.e.m.c.i.embedder.EclipseLogger - Using 'UTF-8' encoding to copy filtered properties files.
2024-06-18 13:56:52,021 [Worker-35: Building] INFO  o.e.m.c.i.embedder.EclipseLogger - Copying 1 resource
2024-06-18 13:56:52,057 [Worker-35: Building] INFO  o.e.m.c.i.embedder.EclipseLogger - Copying 0 resource
2024-06-18 13:56:52,061 [Worker-35: Building] INFO  o.e.m.c.i.embedder.EclipseLogger - Using 'UTF-8' encoding to copy filtered resources.
2024-06-18 13:56:52,061 [Worker-35: Building] INFO  o.e.m.c.i.embedder.EclipseLogger - Using 'UTF-8' encoding to copy filtered properties files.
2024-06-18 13:56:52,061 [Worker-35: Building] INFO  o.e.m.c.i.embedder.EclipseLogger - skip non existing resourceDirectory D:\Task\Jwt-Token\src\test\resources
2024-06-18 13:57:39,052 [Worker-35: Building] INFO  o.e.m.c.i.embedder.EclipseLogger - Using 'UTF-8' encoding to copy filtered resources.
2024-06-18 13:57:39,052 [Worker-35: Building] INFO  o.e.m.c.i.embedder.EclipseLogger - Using 'UTF-8' encoding to copy filtered properties files.
2024-06-18 13:57:39,053 [Worker-35: Building] INFO  o.e.m.c.i.embedder.EclipseLogger - Copying 1 resource
2024-06-18 13:57:39,104 [Worker-35: Building] INFO  o.e.m.c.i.embedder.EclipseLogger - Copying 0 resource
2024-06-18 13:57:39,107 [Worker-35: Building] INFO  o.e.m.c.i.embedder.EclipseLogger - Using 'UTF-8' encoding to copy filtered resources.
2024-06-18 13:57:39,107 [Worker-35: Building] INFO  o.e.m.c.i.embedder.EclipseLogger - Using 'UTF-8' encoding to copy filtered properties files.
2024-06-18 13:57:39,107 [Worker-35: Building] INFO  o.e.m.c.i.embedder.EclipseLogger - skip non existing resourceDirectory D:\Task\Jwt-Token\src\test\resources
2024-06-18 13:59:01,301 [Worker-52: Building] INFO  o.e.m.c.i.embedder.EclipseLogger - Using 'UTF-8' encoding to copy filtered resources.
2024-06-18 13:59:01,301 [Worker-52: Building] INFO  o.e.m.c.i.embedder.EclipseLogger - Using 'UTF-8' encoding to copy filtered properties files.
2024-06-18 13:59:01,302 [Worker-52: Building] INFO  o.e.m.c.i.embedder.EclipseLogger - Copying 1 resource
2024-06-18 13:59:01,349 [Worker-52: Building] INFO  o.e.m.c.i.embedder.EclipseLogger - Copying 0 resource
2024-06-18 13:59:01,351 [Worker-52: Building] INFO  o.e.m.c.i.embedder.EclipseLogger - Using 'UTF-8' encoding to copy filtered resources.
2024-06-18 13:59:01,352 [Worker-52: Building] INFO  o.e.m.c.i.embedder.EclipseLogger - Using 'UTF-8' encoding to copy filtered properties files.
2024-06-18 13:59:01,352 [Worker-52: Building] INFO  o.e.m.c.i.embedder.EclipseLogger - skip non existing resourceDirectory D:\Task\Jwt-Token\src\test\resources
2024-06-18 13:59:04,728 [Worker-35: Building] INFO  o.e.m.c.i.embedder.EclipseLogger - Using 'UTF-8' encoding to copy filtered resources.
2024-06-18 13:59:04,728 [Worker-35: Building] INFO  o.e.m.c.i.embedder.EclipseLogger - Using 'UTF-8' encoding to copy filtered properties files.
2024-06-18 13:59:04,729 [Worker-35: Building] INFO  o.e.m.c.i.embedder.EclipseLogger - Copying 1 resource
2024-06-18 13:59:04,771 [Worker-35: Building] INFO  o.e.m.c.i.embedder.EclipseLogger - Copying 0 resource
2024-06-18 13:59:04,773 [Worker-35: Building] INFO  o.e.m.c.i.embedder.EclipseLogger - Using 'UTF-8' encoding to copy filtered resources.
2024-06-18 13:59:04,773 [Worker-35: Building] INFO  o.e.m.c.i.embedder.EclipseLogger - Using 'UTF-8' encoding to copy filtered properties files.
2024-06-18 13:59:04,773 [Worker-35: Building] INFO  o.e.m.c.i.embedder.EclipseLogger - skip non existing resourceDirectory D:\Task\Jwt-Token\src\test\resources
2024-06-18 13:59:20,779 [Worker-54: Building] INFO  o.e.m.c.i.embedder.EclipseLogger - Using 'UTF-8' encoding to copy filtered resources.
2024-06-18 13:59:20,779 [Worker-54: Building] INFO  o.e.m.c.i.embedder.EclipseLogger - Using 'UTF-8' encoding to copy filtered properties files.
2024-06-18 13:59:20,780 [Worker-54: Building] INFO  o.e.m.c.i.embedder.EclipseLogger - Copying 1 resource
2024-06-18 13:59:20,797 [Worker-54: Building] INFO  o.e.m.c.i.embedder.EclipseLogger - Copying 0 resource
2024-06-18 13:59:20,799 [Worker-54: Building] INFO  o.e.m.c.i.embedder.EclipseLogger - Using 'UTF-8' encoding to copy filtered resources.
2024-06-18 13:59:20,799 [Worker-54: Building] INFO  o.e.m.c.i.embedder.EclipseLogger - Using 'UTF-8' encoding to copy filtered properties files.
2024-06-18 13:59:20,799 [Worker-54: Building] INFO  o.e.m.c.i.embedder.EclipseLogger - skip non existing resourceDirectory D:\Task\Jwt-Token\src\test\resources
